Analysis & Synthesis report for Game_trinity
Thu Jun 16 21:02:14 2022
Quartus Prime Version 20.1.0 Build 711 06/05/2020 SJ Lite Edition


---------------------
; Table of Contents ;
---------------------
  1. Legal Notice
  2. Analysis & Synthesis Summary
  3. Analysis & Synthesis Settings
  4. Parallel Compilation
  5. Analysis & Synthesis Source Files Read
  6. Analysis & Synthesis Resource Usage Summary
  7. Analysis & Synthesis Resource Utilization by Entity
  8. State Machine - |Game_trinity|controller:CC|PS
  9. State Machine - |Game_trinity|randomV:vector|H
 10. State Machine - |Game_trinity|randomV:vector|H0
 11. User-Specified and Inferred Latches
 12. Registers Removed During Synthesis
 13. General Register Statistics
 14. Inverted Register Statistics
 15. Multiplexer Restructuring Statistics (Restructuring Performed)
 16. Parameter Settings for User Entity Instance: controller:CC
 17. Post-Synthesis Netlist Statistics for Top Partition
 18. Elapsed Time Per Partition
 19. Analysis & Synthesis Messages
 20. Analysis & Synthesis Suppressed Messages



----------------
; Legal Notice ;
----------------
Copyright (C) 2020  Intel Corporation. All rights reserved.
Your use of Intel Corporation's design tools, logic functions 
and other software and tools, and any partner logic 
functions, and any output files from any of the foregoing 
(including device programming or simulation files), and any 
associated documentation or information are expressly subject 
to the terms and conditions of the Intel Program License 
Subscription Agreement, the Intel Quartus Prime License Agreement,
the Intel FPGA IP License Agreement, or other applicable license
agreement, including, without limitation, that your use is for
the sole purpose of programming logic devices manufactured by
Intel and sold by Intel or its authorized distributors.  Please
refer to the applicable agreement for further details, at
https://fpgasoftware.intel.com/eula.



+----------------------------------------------------------------------------------+
; Analysis & Synthesis Summary                                                     ;
+------------------------------------+---------------------------------------------+
; Analysis & Synthesis Status        ; Successful - Thu Jun 16 21:02:14 2022       ;
; Quartus Prime Version              ; 20.1.0 Build 711 06/05/2020 SJ Lite Edition ;
; Revision Name                      ; Game_trinity                                ;
; Top-level Entity Name              ; Game_trinity                                ;
; Family                             ; MAX 10                                      ;
; Total logic elements               ; 1,272                                       ;
;     Total combinational functions  ; 1,238                                       ;
;     Dedicated logic registers      ; 498                                         ;
; Total registers                    ; 498                                         ;
; Total pins                         ; 65                                          ;
; Total virtual pins                 ; 0                                           ;
; Total memory bits                  ; 0                                           ;
; Embedded Multiplier 9-bit elements ; 0                                           ;
; Total PLLs                         ; 0                                           ;
; UFM blocks                         ; 0                                           ;
; ADC blocks                         ; 0                                           ;
+------------------------------------+---------------------------------------------+


+------------------------------------------------------------------------------------------------------------+
; Analysis & Synthesis Settings                                                                              ;
+------------------------------------------------------------------+--------------------+--------------------+
; Option                                                           ; Setting            ; Default Value      ;
+------------------------------------------------------------------+--------------------+--------------------+
; Device                                                           ; 10M50DAF484C7G     ;                    ;
; Top-level entity name                                            ; Game_trinity       ; Game_trinity       ;
; Family name                                                      ; MAX 10             ; Cyclone V          ;
; Use smart compilation                                            ; Off                ; Off                ;
; Enable parallel Assembler and Timing Analyzer during compilation ; On                 ; On                 ;
; Enable compact report table                                      ; Off                ; Off                ;
; Restructure Multiplexers                                         ; Auto               ; Auto               ;
; Create Debugging Nodes for IP Cores                              ; Off                ; Off                ;
; Preserve fewer node names                                        ; On                 ; On                 ;
; Intel FPGA IP Evaluation Mode                                    ; Enable             ; Enable             ;
; Verilog Version                                                  ; Verilog_2001       ; Verilog_2001       ;
; VHDL Version                                                     ; VHDL_1993          ; VHDL_1993          ;
; State Machine Processing                                         ; Auto               ; Auto               ;
; Safe State Machine                                               ; Off                ; Off                ;
; Extract Verilog State Machines                                   ; On                 ; On                 ;
; Extract VHDL State Machines                                      ; On                 ; On                 ;
; Ignore Verilog initial constructs                                ; Off                ; Off                ;
; Iteration limit for constant Verilog loops                       ; 5000               ; 5000               ;
; Iteration limit for non-constant Verilog loops                   ; 250                ; 250                ;
; Add Pass-Through Logic to Inferred RAMs                          ; On                 ; On                 ;
; Infer RAMs from Raw Logic                                        ; On                 ; On                 ;
; Parallel Synthesis                                               ; On                 ; On                 ;
; DSP Block Balancing                                              ; Auto               ; Auto               ;
; NOT Gate Push-Back                                               ; On                 ; On                 ;
; Power-Up Don't Care                                              ; On                 ; On                 ;
; Remove Redundant Logic Cells                                     ; Off                ; Off                ;
; Remove Duplicate Registers                                       ; On                 ; On                 ;
; Ignore CARRY Buffers                                             ; Off                ; Off                ;
; Ignore CASCADE Buffers                                           ; Off                ; Off                ;
; Ignore GLOBAL Buffers                                            ; Off                ; Off                ;
; Ignore ROW GLOBAL Buffers                                        ; Off                ; Off                ;
; Ignore LCELL Buffers                                             ; Off                ; Off                ;
; Ignore SOFT Buffers                                              ; On                 ; On                 ;
; Limit AHDL Integers to 32 Bits                                   ; Off                ; Off                ;
; Optimization Technique                                           ; Balanced           ; Balanced           ;
; Carry Chain Length                                               ; 70                 ; 70                 ;
; Auto Carry Chains                                                ; On                 ; On                 ;
; Auto Open-Drain Pins                                             ; On                 ; On                 ;
; Perform WYSIWYG Primitive Resynthesis                            ; Off                ; Off                ;
; Auto ROM Replacement                                             ; On                 ; On                 ;
; Auto RAM Replacement                                             ; On                 ; On                 ;
; Auto DSP Block Replacement                                       ; On                 ; On                 ;
; Auto Shift Register Replacement                                  ; Auto               ; Auto               ;
; Allow Shift Register Merging across Hierarchies                  ; Auto               ; Auto               ;
; Auto Clock Enable Replacement                                    ; On                 ; On                 ;
; Strict RAM Replacement                                           ; Off                ; Off                ;
; Allow Synchronous Control Signals                                ; On                 ; On                 ;
; Force Use of Synchronous Clear Signals                           ; Off                ; Off                ;
; Auto RAM Block Balancing                                         ; On                 ; On                 ;
; Auto RAM to Logic Cell Conversion                                ; Off                ; Off                ;
; Auto Resource Sharing                                            ; Off                ; Off                ;
; Allow Any RAM Size For Recognition                               ; Off                ; Off                ;
; Allow Any ROM Size For Recognition                               ; Off                ; Off                ;
; Allow Any Shift Register Size For Recognition                    ; Off                ; Off                ;
; Use LogicLock Constraints during Resource Balancing              ; On                 ; On                 ;
; Ignore translate_off and synthesis_off directives                ; Off                ; Off                ;
; Timing-Driven Synthesis                                          ; On                 ; On                 ;
; Report Parameter Settings                                        ; On                 ; On                 ;
; Report Source Assignments                                        ; On                 ; On                 ;
; Report Connectivity Checks                                       ; On                 ; On                 ;
; Ignore Maximum Fan-Out Assignments                               ; Off                ; Off                ;
; Synchronization Register Chain Length                            ; 2                  ; 2                  ;
; Power Optimization During Synthesis                              ; Normal compilation ; Normal compilation ;
; HDL message level                                                ; Level2             ; Level2             ;
; Suppress Register Optimization Related Messages                  ; Off                ; Off                ;
; Number of Removed Registers Reported in Synthesis Report         ; 5000               ; 5000               ;
; Number of Swept Nodes Reported in Synthesis Report               ; 5000               ; 5000               ;
; Number of Inverted Registers Reported in Synthesis Report        ; 100                ; 100                ;
; Clock MUX Protection                                             ; On                 ; On                 ;
; Auto Gated Clock Conversion                                      ; Off                ; Off                ;
; Block Design Naming                                              ; Auto               ; Auto               ;
; SDC constraint protection                                        ; Off                ; Off                ;
; Synthesis Effort                                                 ; Auto               ; Auto               ;
; Shift Register Replacement - Allow Asynchronous Clear Signal     ; On                 ; On                 ;
; Pre-Mapping Resynthesis Optimization                             ; Off                ; Off                ;
; Analysis & Synthesis Message Level                               ; Medium             ; Medium             ;
; Disable Register Merging Across Hierarchies                      ; Auto               ; Auto               ;
; Resource Aware Inference For Block RAM                           ; On                 ; On                 ;
+------------------------------------------------------------------+--------------------+--------------------+


+------------------------------------------+
; Parallel Compilation                     ;
+----------------------------+-------------+
; Processors                 ; Number      ;
+----------------------------+-------------+
; Number detected on machine ; 12          ;
; Maximum allowed            ; 12          ;
;                            ;             ;
; Average used               ; 1.01        ;
; Maximum used               ; 12          ;
;                            ;             ;
; Usage by Processor         ; % Time Used ;
;     Processor 1            ; 100.0%      ;
;     Processor 2            ;   0.1%      ;
;     Processor 3            ;   0.1%      ;
;     Processor 4            ;   0.1%      ;
;     Processor 5            ;   0.1%      ;
;     Processor 6            ;   0.1%      ;
;     Processor 7            ;   0.1%      ;
;     Processor 8            ;   0.1%      ;
;     Processors 9-12        ;   0.1%      ;
+----------------------------+-------------+


+-------------------------------------------------------------------------------------------------------------------------------------------------------------------------------------------+
; Analysis & Synthesis Source Files Read                                                                                                                                                    ;
+----------------------------------+-----------------+------------------------------+---------------------------------------------------------------------------------------------+---------+
; File Name with User-Entered Path ; Used in Netlist ; File Type                    ; File Name with Absolute Path                                                                ; Library ;
+----------------------------------+-----------------+------------------------------+---------------------------------------------------------------------------------------------+---------+
; game_trinity.v                   ; yes             ; Auto-Found Verilog HDL File  ; D:/Chris/Documents/Work/Engineering stuff/digital system design/game_trinity/game_trinity.v ;         ;
+----------------------------------+-----------------+------------------------------+---------------------------------------------------------------------------------------------+---------+


+--------------------------------------------------------------+
; Analysis & Synthesis Resource Usage Summary                  ;
+---------------------------------------------+----------------+
; Resource                                    ; Usage          ;
+---------------------------------------------+----------------+
; Estimated Total logic elements              ; 1,272          ;
;                                             ;                ;
; Total combinational functions               ; 1238           ;
; Logic element usage by number of LUT inputs ;                ;
;     -- 4 input functions                    ; 714            ;
;     -- 3 input functions                    ; 94             ;
;     -- <=2 input functions                  ; 430            ;
;                                             ;                ;
; Logic elements by mode                      ;                ;
;     -- normal mode                          ; 866            ;
;     -- arithmetic mode                      ; 372            ;
;                                             ;                ;
; Total registers                             ; 498            ;
;     -- Dedicated logic registers            ; 498            ;
;     -- I/O registers                        ; 0              ;
;                                             ;                ;
; I/O pins                                    ; 65             ;
;                                             ;                ;
; Embedded Multiplier 9-bit elements          ; 0              ;
;                                             ;                ;
; Maximum fan-out node                        ; GM1:G|slow_clk ;
; Maximum fan-out                             ; 205            ;
; Total fan-out                               ; 5283           ;
; Average fan-out                             ; 2.83           ;
+---------------------------------------------+----------------+


+----------------------------------------------------------------------------------------------------------------------------------------------------------------------------------------------------------------------------------------------+
; Analysis & Synthesis Resource Utilization by Entity                                                                                                                                                                                          ;
+----------------------------+---------------------+---------------------------+-------------+------------+--------------+---------+-----------+------+--------------+------------+------------------------------+--------------+--------------+
; Compilation Hierarchy Node ; Combinational ALUTs ; Dedicated Logic Registers ; Memory Bits ; UFM Blocks ; DSP Elements ; DSP 9x9 ; DSP 18x18 ; Pins ; Virtual Pins ; ADC blocks ; Full Hierarchy Name          ; Entity Name  ; Library Name ;
+----------------------------+---------------------+---------------------------+-------------+------------+--------------+---------+-----------+------+--------------+------------+------------------------------+--------------+--------------+
; |Game_trinity              ; 1238 (0)            ; 498 (0)                   ; 0           ; 0          ; 0            ; 0       ; 0         ; 65   ; 0            ; 0          ; |Game_trinity                ; Game_trinity ; work         ;
;    |GM1:G|                 ; 710 (710)           ; 290 (290)                 ; 0           ; 0          ; 0            ; 0       ; 0         ; 0    ; 0            ; 0          ; |Game_trinity|GM1:G          ; GM1          ; work         ;
;    |controller:CC|         ; 312 (312)           ; 92 (92)                   ; 0           ; 0          ; 0            ; 0       ; 0         ; 0    ; 0            ; 0          ; |Game_trinity|controller:CC  ; controller   ; work         ;
;    |randomV:vector|        ; 157 (157)           ; 79 (79)                   ; 0           ; 0          ; 0            ; 0       ; 0         ; 0    ; 0            ; 0          ; |Game_trinity|randomV:vector ; randomV      ; work         ;
;    |timer:t|               ; 59 (59)             ; 37 (37)                   ; 0           ; 0          ; 0            ; 0       ; 0         ; 0    ; 0            ; 0          ; |Game_trinity|timer:t        ; timer        ; work         ;
+----------------------------+---------------------+---------------------------+-------------+------------+--------------+---------+-----------+------+--------------+------------+------------------------------+--------------+--------------+
Note: For table entries with two numbers listed, the numbers in parentheses indicate the number of resources of the given type used by the specific entity alone. The numbers listed outside of parentheses indicate the total resources of the given type used by the specific entity and all of its sub-entities in the hierarchy.


Encoding Type:  One-Hot
+------------------------------------------------+
; State Machine - |Game_trinity|controller:CC|PS ;
+-------+-------+-------+-------+----------------+
; Name  ; PS.S3 ; PS.S2 ; PS.S1 ; PS.S0          ;
+-------+-------+-------+-------+----------------+
; PS.S0 ; 0     ; 0     ; 0     ; 0              ;
; PS.S1 ; 0     ; 0     ; 1     ; 1              ;
; PS.S2 ; 0     ; 1     ; 0     ; 1              ;
; PS.S3 ; 1     ; 0     ; 0     ; 1              ;
+-------+-------+-------+-------+----------------+


Encoding Type:  One-Hot
+--------------------------------------------------------------------------------------------------+
; State Machine - |Game_trinity|randomV:vector|H                                                   ;
+--------+--------+--------+--------+--------+--------+--------+--------+--------+--------+--------+
; Name   ; H.1001 ; H.1000 ; H.0111 ; H.0110 ; H.0101 ; H.0100 ; H.0011 ; H.0010 ; H.0001 ; H.0000 ;
+--------+--------+--------+--------+--------+--------+--------+--------+--------+--------+--------+
; H.0000 ; 0      ; 0      ; 0      ; 0      ; 0      ; 0      ; 0      ; 0      ; 0      ; 0      ;
; H.0001 ; 0      ; 0      ; 0      ; 0      ; 0      ; 0      ; 0      ; 0      ; 1      ; 1      ;
; H.0010 ; 0      ; 0      ; 0      ; 0      ; 0      ; 0      ; 0      ; 1      ; 0      ; 1      ;
; H.0011 ; 0      ; 0      ; 0      ; 0      ; 0      ; 0      ; 1      ; 0      ; 0      ; 1      ;
; H.0100 ; 0      ; 0      ; 0      ; 0      ; 0      ; 1      ; 0      ; 0      ; 0      ; 1      ;
; H.0101 ; 0      ; 0      ; 0      ; 0      ; 1      ; 0      ; 0      ; 0      ; 0      ; 1      ;
; H.0110 ; 0      ; 0      ; 0      ; 1      ; 0      ; 0      ; 0      ; 0      ; 0      ; 1      ;
; H.0111 ; 0      ; 0      ; 1      ; 0      ; 0      ; 0      ; 0      ; 0      ; 0      ; 1      ;
; H.1000 ; 0      ; 1      ; 0      ; 0      ; 0      ; 0      ; 0      ; 0      ; 0      ; 1      ;
; H.1001 ; 1      ; 0      ; 0      ; 0      ; 0      ; 0      ; 0      ; 0      ; 0      ; 1      ;
+--------+--------+--------+--------+--------+--------+--------+--------+--------+--------+--------+


Encoding Type:  One-Hot
+-------------------------------------------------------------------------------------------------------------+
; State Machine - |Game_trinity|randomV:vector|H0                                                             ;
+---------+---------+---------+---------+---------+---------+---------+---------+---------+---------+---------+
; Name    ; H0.1001 ; H0.1000 ; H0.0111 ; H0.0110 ; H0.0101 ; H0.0100 ; H0.0011 ; H0.0010 ; H0.0001 ; H0.0000 ;
+---------+---------+---------+---------+---------+---------+---------+---------+---------+---------+---------+
; H0.0000 ; 0       ; 0       ; 0       ; 0       ; 0       ; 0       ; 0       ; 0       ; 0       ; 0       ;
; H0.0001 ; 0       ; 0       ; 0       ; 0       ; 0       ; 0       ; 0       ; 0       ; 1       ; 1       ;
; H0.0010 ; 0       ; 0       ; 0       ; 0       ; 0       ; 0       ; 0       ; 1       ; 0       ; 1       ;
; H0.0011 ; 0       ; 0       ; 0       ; 0       ; 0       ; 0       ; 1       ; 0       ; 0       ; 1       ;
; H0.0100 ; 0       ; 0       ; 0       ; 0       ; 0       ; 1       ; 0       ; 0       ; 0       ; 1       ;
; H0.0101 ; 0       ; 0       ; 0       ; 0       ; 1       ; 0       ; 0       ; 0       ; 0       ; 1       ;
; H0.0110 ; 0       ; 0       ; 0       ; 1       ; 0       ; 0       ; 0       ; 0       ; 0       ; 1       ;
; H0.0111 ; 0       ; 0       ; 1       ; 0       ; 0       ; 0       ; 0       ; 0       ; 0       ; 1       ;
; H0.1000 ; 0       ; 1       ; 0       ; 0       ; 0       ; 0       ; 0       ; 0       ; 0       ; 1       ;
; H0.1001 ; 1       ; 0       ; 0       ; 0       ; 0       ; 0       ; 0       ; 0       ; 0       ; 1       ;
+---------+---------+---------+---------+---------+---------+---------+---------+---------+---------+---------+


+--------------------------------------------------------------------------------------------------------+
; User-Specified and Inferred Latches                                                                    ;
+-----------------------------------------------------+-------------------------+------------------------+
; Latch Name                                          ; Latch Enable Signal     ; Free of Timing Hazards ;
+-----------------------------------------------------+-------------------------+------------------------+
; controller:CC|x[3]                                  ; GND                     ; yes                    ;
; controller:CC|x[2]                                  ; GND                     ; yes                    ;
; controller:CC|x[1]                                  ; GND                     ; yes                    ;
; controller:CC|NS.S2_1583                            ; controller:CC|Selector0 ; yes                    ;
; controller:CC|NS.S3_1570                            ; controller:CC|Selector0 ; yes                    ;
; controller:CC|NS.S1_1596                            ; controller:CC|Selector0 ; yes                    ;
; controller:CC|d[2]                                  ; GND                     ; yes                    ;
; controller:CC|d[1]                                  ; GND                     ; yes                    ;
; controller:CC|d[0]                                  ; GND                     ; yes                    ;
; controller:CC|NS.S0_1609                            ; controller:CC|Selector0 ; yes                    ;
; Number of user-specified and inferred latches = 10  ;                         ;                        ;
+-----------------------------------------------------+-------------------------+------------------------+
Note: All latches listed above may not be present at the end of synthesis due to various synthesis optimizations.


+--------------------------------------------------------------------------+
; Registers Removed During Synthesis                                       ;
+----------------------------------------+---------------------------------+
; Register name                          ; Reason for Removal              ;
+----------------------------------------+---------------------------------+
; randomV:vector|A[0]                    ; Merged with randomV:vector|B[0] ;
; controller:CC|PS~2                     ; Lost fanout                     ;
; controller:CC|PS~3                     ; Lost fanout                     ;
; randomV:vector|H~12                    ; Lost fanout                     ;
; randomV:vector|H~13                    ; Lost fanout                     ;
; randomV:vector|H~14                    ; Lost fanout                     ;
; randomV:vector|H~15                    ; Lost fanout                     ;
; randomV:vector|H0~12                   ; Lost fanout                     ;
; randomV:vector|H0~13                   ; Lost fanout                     ;
; randomV:vector|H0~14                   ; Lost fanout                     ;
; randomV:vector|H0~15                   ; Lost fanout                     ;
; Total Number of Removed Registers = 11 ;                                 ;
+----------------------------------------+---------------------------------+


+------------------------------------------------------+
; General Register Statistics                          ;
+----------------------------------------------+-------+
; Statistic                                    ; Value ;
+----------------------------------------------+-------+
; Total registers                              ; 498   ;
; Number of registers using Synchronous Clear  ; 107   ;
; Number of registers using Synchronous Load   ; 0     ;
; Number of registers using Asynchronous Clear ; 20    ;
; Number of registers using Asynchronous Load  ; 0     ;
; Number of registers using Clock Enable       ; 59    ;
; Number of registers using Preset             ; 0     ;
+----------------------------------------------+-------+


+--------------------------------------------------+
; Inverted Register Statistics                     ;
+----------------------------------------+---------+
; Inverted Register                      ; Fan out ;
+----------------------------------------+---------+
; randomV:vector|A[4]                    ; 12      ;
; Total number of inverted registers = 1 ;         ;
+----------------------------------------+---------+


+-------------------------------------------------------------------------------------------------------------------------------------------------------+
; Multiplexer Restructuring Statistics (Restructuring Performed)                                                                                        ;
+--------------------+-----------+---------------+----------------------+------------------------+------------+-----------------------------------------+
; Multiplexer Inputs ; Bus Width ; Baseline Area ; Area if Restructured ; Saving if Restructured ; Registered ; Example Multiplexer Output              ;
+--------------------+-----------+---------------+----------------------+------------------------+------------+-----------------------------------------+
; 3:1                ; 3 bits    ; 6 LEs         ; 6 LEs                ; 0 LEs                  ; Yes        ; |Game_trinity|timer:t|count[2]          ;
; 3:1                ; 32 bits   ; 64 LEs        ; 32 LEs               ; 32 LEs                 ; Yes        ; |Game_trinity|controller:CC|count_s[0]  ;
; 3:1                ; 32 bits   ; 64 LEs        ; 32 LEs               ; 32 LEs                 ; Yes        ; |Game_trinity|controller:CC|count_c[17] ;
; 3:1                ; 32 bits   ; 64 LEs        ; 32 LEs               ; 32 LEs                 ; Yes        ; |Game_trinity|GM1:G|count_s[18]         ;
; 3:1                ; 32 bits   ; 64 LEs        ; 32 LEs               ; 32 LEs                 ; Yes        ; |Game_trinity|GM1:G|count_a[2]          ;
; 3:1                ; 32 bits   ; 64 LEs        ; 32 LEs               ; 32 LEs                 ; Yes        ; |Game_trinity|GM1:G|count_b[29]         ;
; 3:1                ; 32 bits   ; 64 LEs        ; 32 LEs               ; 32 LEs                 ; Yes        ; |Game_trinity|GM1:G|count_c[3]          ;
; 3:1                ; 32 bits   ; 64 LEs        ; 32 LEs               ; 32 LEs                 ; Yes        ; |Game_trinity|GM1:G|count_d[13]         ;
; 3:1                ; 32 bits   ; 64 LEs        ; 32 LEs               ; 32 LEs                 ; Yes        ; |Game_trinity|GM1:G|count_e[25]         ;
; 3:1                ; 32 bits   ; 64 LEs        ; 32 LEs               ; 32 LEs                 ; Yes        ; |Game_trinity|GM1:G|count_f[3]          ;
; 8:1                ; 2 bits    ; 10 LEs        ; 2 LEs                ; 8 LEs                  ; Yes        ; |Game_trinity|randomV:vector|V[16]      ;
; 8:1                ; 3 bits    ; 15 LEs        ; 6 LEs                ; 9 LEs                  ; Yes        ; |Game_trinity|randomV:vector|V[14]      ;
; 8:1                ; 5 bits    ; 25 LEs        ; 10 LEs               ; 15 LEs                 ; Yes        ; |Game_trinity|randomV:vector|V[8]       ;
; 8:1                ; 6 bits    ; 30 LEs        ; 12 LEs               ; 18 LEs                 ; Yes        ; |Game_trinity|randomV:vector|V[6]       ;
; 4:1                ; 4 bits    ; 8 LEs         ; 4 LEs                ; 4 LEs                  ; Yes        ; |Game_trinity|controller:CC|score[0]    ;
; 4:1                ; 4 bits    ; 8 LEs         ; 8 LEs                ; 0 LEs                  ; No         ; |Game_trinity|controller:CC|read[1]     ;
; 3:1                ; 2 bits    ; 4 LEs         ; 4 LEs                ; 0 LEs                  ; No         ; |Game_trinity|controller:CC|d[0]        ;
; 11:1               ; 2 bits    ; 14 LEs        ; 8 LEs                ; 6 LEs                  ; No         ; |Game_trinity|randomV:vector|H0         ;
; 6:1                ; 3 bits    ; 12 LEs        ; 12 LEs               ; 0 LEs                  ; No         ; |Game_trinity|GM1:G|Y[2]                ;
; 11:1               ; 4 bits    ; 28 LEs        ; 28 LEs               ; 0 LEs                  ; No         ; |Game_trinity|controller:CC|Selector27  ;
; 11:1               ; 4 bits    ; 28 LEs        ; 28 LEs               ; 0 LEs                  ; No         ; |Game_trinity|controller:CC|Selector46  ;
; 12:1               ; 2 bits    ; 16 LEs        ; 14 LEs               ; 2 LEs                  ; No         ; |Game_trinity|controller:CC|Selector26  ;
; 12:1               ; 2 bits    ; 16 LEs        ; 14 LEs               ; 2 LEs                  ; No         ; |Game_trinity|controller:CC|Selector40  ;
+--------------------+-----------+---------------+----------------------+------------------------+------------+-----------------------------------------+


+------------------------------------------------------------+
; Parameter Settings for User Entity Instance: controller:CC ;
+----------------+-------+-----------------------------------+
; Parameter Name ; Value ; Type                              ;
+----------------+-------+-----------------------------------+
; S0             ; 000   ; Unsigned Binary                   ;
; S1             ; 001   ; Unsigned Binary                   ;
; S2             ; 010   ; Unsigned Binary                   ;
; S3             ; 011   ; Unsigned Binary                   ;
+----------------+-------+-----------------------------------+
Note: In order to hide this table in the UI and the text report file, please set the "Show Parameter Settings in Synthesis Report" option in "Analysis and Synthesis Settings -> More Settings" to "Off".


+-----------------------------------------------------+
; Post-Synthesis Netlist Statistics for Top Partition ;
+-----------------------+-----------------------------+
; Type                  ; Count                       ;
+-----------------------+-----------------------------+
; boundary_port         ; 65                          ;
; cycloneiii_ff         ; 498                         ;
;     CLR               ; 20                          ;
;     ENA               ; 57                          ;
;     ENA SCLR          ; 2                           ;
;     SCLR              ; 105                         ;
;     plain             ; 314                         ;
; cycloneiii_lcell_comb ; 1239                        ;
;     arith             ; 372                         ;
;         2 data inputs ; 372                         ;
;     normal            ; 867                         ;
;         1 data inputs ; 15                          ;
;         2 data inputs ; 44                          ;
;         3 data inputs ; 94                          ;
;         4 data inputs ; 714                         ;
;                       ;                             ;
; Max LUT depth         ; 9.00                        ;
; Average LUT depth     ; 5.01                        ;
+-----------------------+-----------------------------+


+-------------------------------+
; Elapsed Time Per Partition    ;
+----------------+--------------+
; Partition Name ; Elapsed Time ;
+----------------+--------------+
; Top            ; 00:00:02     ;
+----------------+--------------+


+-------------------------------+
; Analysis & Synthesis Messages ;
+-------------------------------+
Info: *******************************************************************
Info: Running Quartus Prime Analysis & Synthesis
    Info: Version 20.1.0 Build 711 06/05/2020 SJ Lite Edition
    Info: Processing started: Thu Jun 16 21:02:05 2022
Info: Command: quartus_map --read_settings_files=on --write_settings_files=off Game_Trinity -c Game_trinity
Warning (18236): Number of processors has not been specified which may cause overloading on shared machines.  Set the global assignment NUM_PARALLEL_PROCESSORS in your QSF to an appropriate value for best performance.
Info (20030): Parallel compilation is enabled and will use 12 of the 12 processors detected
Warning (12019): Can't analyze file -- file GM1_test.v is missing
Warning (12125): Using design file game_trinity.v, which is not specified as a design file for the current project, but contains definitions for 5 design units and 5 entities in project
    Info (12023): Found entity 1: Game_trinity File: D:/Chris/Documents/Work/Engineering stuff/digital system design/game_trinity/game_trinity.v Line: 1
    Info (12023): Found entity 2: controller File: D:/Chris/Documents/Work/Engineering stuff/digital system design/game_trinity/game_trinity.v Line: 18
    Info (12023): Found entity 3: randomV File: D:/Chris/Documents/Work/Engineering stuff/digital system design/game_trinity/game_trinity.v Line: 260
    Info (12023): Found entity 4: timer File: D:/Chris/Documents/Work/Engineering stuff/digital system design/game_trinity/game_trinity.v Line: 381
    Info (12023): Found entity 5: GM1 File: D:/Chris/Documents/Work/Engineering stuff/digital system design/game_trinity/game_trinity.v Line: 424
Info (12127): Elaborating entity "Game_trinity" for the top level hierarchy
Info (12128): Elaborating entity "randomV" for hierarchy "randomV:vector" File: D:/Chris/Documents/Work/Engineering stuff/digital system design/game_trinity/game_trinity.v Line: 10
Warning (10230): Verilog HDL assignment warning at game_trinity.v(286): truncated value with size 32 to match size of target (4) File: D:/Chris/Documents/Work/Engineering stuff/digital system design/game_trinity/game_trinity.v Line: 286
Info (12128): Elaborating entity "timer" for hierarchy "timer:t" File: D:/Chris/Documents/Work/Engineering stuff/digital system design/game_trinity/game_trinity.v Line: 11
Info (12128): Elaborating entity "GM1" for hierarchy "GM1:G" File: D:/Chris/Documents/Work/Engineering stuff/digital system design/game_trinity/game_trinity.v Line: 12
Info (12128): Elaborating entity "controller" for hierarchy "controller:CC" File: D:/Chris/Documents/Work/Engineering stuff/digital system design/game_trinity/game_trinity.v Line: 13
Warning (10240): Verilog HDL Always Construct warning at game_trinity.v(33): inferring latch(es) for variable "x", which holds its previous value in one or more paths through the always construct File: D:/Chris/Documents/Work/Engineering stuff/digital system design/game_trinity/game_trinity.v Line: 33
Warning (10240): Verilog HDL Always Construct warning at game_trinity.v(33): inferring latch(es) for variable "d", which holds its previous value in one or more paths through the always construct File: D:/Chris/Documents/Work/Engineering stuff/digital system design/game_trinity/game_trinity.v Line: 33
Warning (10240): Verilog HDL Always Construct warning at game_trinity.v(93): inferring latch(es) for variable "read", which holds its previous value in one or more paths through the always construct File: D:/Chris/Documents/Work/Engineering stuff/digital system design/game_trinity/game_trinity.v Line: 93
Warning (10240): Verilog HDL Always Construct warning at game_trinity.v(102): inferring latch(es) for variable "HEX0", which holds its previous value in one or more paths through the always construct File: D:/Chris/Documents/Work/Engineering stuff/digital system design/game_trinity/game_trinity.v Line: 102
Warning (10240): Verilog HDL Always Construct warning at game_trinity.v(102): inferring latch(es) for variable "HEX1", which holds its previous value in one or more paths through the always construct File: D:/Chris/Documents/Work/Engineering stuff/digital system design/game_trinity/game_trinity.v Line: 102
Warning (10240): Verilog HDL Always Construct warning at game_trinity.v(102): inferring latch(es) for variable "HEX2", which holds its previous value in one or more paths through the always construct File: D:/Chris/Documents/Work/Engineering stuff/digital system design/game_trinity/game_trinity.v Line: 102
Warning (10240): Verilog HDL Always Construct warning at game_trinity.v(102): inferring latch(es) for variable "HEX3", which holds its previous value in one or more paths through the always construct File: D:/Chris/Documents/Work/Engineering stuff/digital system design/game_trinity/game_trinity.v Line: 102
Warning (10240): Verilog HDL Always Construct warning at game_trinity.v(102): inferring latch(es) for variable "HEX4", which holds its previous value in one or more paths through the always construct File: D:/Chris/Documents/Work/Engineering stuff/digital system design/game_trinity/game_trinity.v Line: 102
Warning (10240): Verilog HDL Always Construct warning at game_trinity.v(102): inferring latch(es) for variable "HEX5", which holds its previous value in one or more paths through the always construct File: D:/Chris/Documents/Work/Engineering stuff/digital system design/game_trinity/game_trinity.v Line: 102
Warning (10240): Verilog HDL Always Construct warning at game_trinity.v(102): inferring latch(es) for variable "NS", which holds its previous value in one or more paths through the always construct File: D:/Chris/Documents/Work/Engineering stuff/digital system design/game_trinity/game_trinity.v Line: 102
Info (10041): Inferred latch for "NS.S3" at game_trinity.v(102) File: D:/Chris/Documents/Work/Engineering stuff/digital system design/game_trinity/game_trinity.v Line: 102
Info (10041): Inferred latch for "NS.S2" at game_trinity.v(102) File: D:/Chris/Documents/Work/Engineering stuff/digital system design/game_trinity/game_trinity.v Line: 102
Info (10041): Inferred latch for "NS.S1" at game_trinity.v(102) File: D:/Chris/Documents/Work/Engineering stuff/digital system design/game_trinity/game_trinity.v Line: 102
Info (10041): Inferred latch for "NS.S0" at game_trinity.v(102) File: D:/Chris/Documents/Work/Engineering stuff/digital system design/game_trinity/game_trinity.v Line: 102
Info (10041): Inferred latch for "read[0]" at game_trinity.v(96) File: D:/Chris/Documents/Work/Engineering stuff/digital system design/game_trinity/game_trinity.v Line: 96
Info (10041): Inferred latch for "read[1]" at game_trinity.v(96) File: D:/Chris/Documents/Work/Engineering stuff/digital system design/game_trinity/game_trinity.v Line: 96
Info (10041): Inferred latch for "read[2]" at game_trinity.v(96) File: D:/Chris/Documents/Work/Engineering stuff/digital system design/game_trinity/game_trinity.v Line: 96
Info (10041): Inferred latch for "read[3]" at game_trinity.v(96) File: D:/Chris/Documents/Work/Engineering stuff/digital system design/game_trinity/game_trinity.v Line: 96
Info (10041): Inferred latch for "d[0]" at game_trinity.v(36) File: D:/Chris/Documents/Work/Engineering stuff/digital system design/game_trinity/game_trinity.v Line: 36
Info (10041): Inferred latch for "d[1]" at game_trinity.v(36) File: D:/Chris/Documents/Work/Engineering stuff/digital system design/game_trinity/game_trinity.v Line: 36
Info (10041): Inferred latch for "d[2]" at game_trinity.v(36) File: D:/Chris/Documents/Work/Engineering stuff/digital system design/game_trinity/game_trinity.v Line: 36
Info (10041): Inferred latch for "d[3]" at game_trinity.v(36) File: D:/Chris/Documents/Work/Engineering stuff/digital system design/game_trinity/game_trinity.v Line: 36
Info (10041): Inferred latch for "x[0]" at game_trinity.v(36) File: D:/Chris/Documents/Work/Engineering stuff/digital system design/game_trinity/game_trinity.v Line: 36
Info (10041): Inferred latch for "x[1]" at game_trinity.v(36) File: D:/Chris/Documents/Work/Engineering stuff/digital system design/game_trinity/game_trinity.v Line: 36
Info (10041): Inferred latch for "x[2]" at game_trinity.v(36) File: D:/Chris/Documents/Work/Engineering stuff/digital system design/game_trinity/game_trinity.v Line: 36
Info (10041): Inferred latch for "x[3]" at game_trinity.v(36) File: D:/Chris/Documents/Work/Engineering stuff/digital system design/game_trinity/game_trinity.v Line: 36
Warning (14026): LATCH primitive "controller:CC|read[1]" is permanently enabled File: D:/Chris/Documents/Work/Engineering stuff/digital system design/game_trinity/game_trinity.v Line: 96
Warning (14026): LATCH primitive "controller:CC|read[2]" is permanently enabled File: D:/Chris/Documents/Work/Engineering stuff/digital system design/game_trinity/game_trinity.v Line: 96
Warning (14026): LATCH primitive "controller:CC|read[3]" is permanently enabled File: D:/Chris/Documents/Work/Engineering stuff/digital system design/game_trinity/game_trinity.v Line: 96
Warning (14026): LATCH primitive "controller:CC|read[0]" is permanently enabled File: D:/Chris/Documents/Work/Engineering stuff/digital system design/game_trinity/game_trinity.v Line: 96
Warning (14026): LATCH primitive "controller:CC|read[1]" is permanently enabled File: D:/Chris/Documents/Work/Engineering stuff/digital system design/game_trinity/game_trinity.v Line: 96
Warning (14026): LATCH primitive "controller:CC|read[2]" is permanently enabled File: D:/Chris/Documents/Work/Engineering stuff/digital system design/game_trinity/game_trinity.v Line: 96
Warning (14026): LATCH primitive "controller:CC|read[3]" is permanently enabled File: D:/Chris/Documents/Work/Engineering stuff/digital system design/game_trinity/game_trinity.v Line: 96
Warning (14026): LATCH primitive "controller:CC|read[0]" is permanently enabled File: D:/Chris/Documents/Work/Engineering stuff/digital system design/game_trinity/game_trinity.v Line: 96
Warning (13012): Latch controller:CC|NS.S2_1583 has unsafe behavior File: D:/Chris/Documents/Work/Engineering stuff/digital system design/game_trinity/game_trinity.v Line: 102
    Warning (13013): Ports D and ENA on the latch are fed by the same signal controller:CC|cp File: D:/Chris/Documents/Work/Engineering stuff/digital system design/game_trinity/game_trinity.v Line: 27
Warning (13012): Latch controller:CC|NS.S3_1570 has unsafe behavior File: D:/Chris/Documents/Work/Engineering stuff/digital system design/game_trinity/game_trinity.v Line: 102
    Warning (13013): Ports D and ENA on the latch are fed by the same signal controller:CC|cp File: D:/Chris/Documents/Work/Engineering stuff/digital system design/game_trinity/game_trinity.v Line: 27
Warning (13012): Latch controller:CC|NS.S1_1596 has unsafe behavior File: D:/Chris/Documents/Work/Engineering stuff/digital system design/game_trinity/game_trinity.v Line: 102
    Warning (13013): Ports D and ENA on the latch are fed by the same signal GM1:G|W File: D:/Chris/Documents/Work/Engineering stuff/digital system design/game_trinity/game_trinity.v Line: 429
Warning (13012): Latch controller:CC|NS.S0_1609 has unsafe behavior File: D:/Chris/Documents/Work/Engineering stuff/digital system design/game_trinity/game_trinity.v Line: 102
    Warning (13013): Ports D and ENA on the latch are fed by the same signal controller:CC|PS.S1 File: D:/Chris/Documents/Work/Engineering stuff/digital system design/game_trinity/game_trinity.v Line: 29
Info (286030): Timing-Driven Synthesis is running
Info (17049): 10 registers lost all their fanouts during netlist optimizations.
Info (144001): Generated suppressed messages file D:/Chris/Documents/Work/Engineering stuff/digital system design/game_trinity/output_files/Game_trinity.map.smsg
Info (16010): Generating hard_block partition "hard_block:auto_generated_inst"
    Info (16011): Adding 0 node(s), including 0 DDIO, 0 PLL, 0 transceiver and 0 LCELL
Info (21057): Implemented 1362 device resources after synthesis - the final resource count might be different
    Info (21058): Implemented 13 input pins
    Info (21059): Implemented 52 output pins
    Info (21061): Implemented 1297 logic cells
Info: Quartus Prime Analysis & Synthesis was successful. 0 errors, 30 warnings
    Info: Peak virtual memory: 4834 megabytes
    Info: Processing ended: Thu Jun 16 21:02:14 2022
    Info: Elapsed time: 00:00:09
    Info: Total CPU time (on all processors): 00:00:18


+------------------------------------------+
; Analysis & Synthesis Suppressed Messages ;
+------------------------------------------+
The suppressed messages can be found in D:/Chris/Documents/Work/Engineering stuff/digital system design/game_trinity/output_files/Game_trinity.map.smsg.


